[2024-04-15 21:58:40] production.ERROR: Target class [config] does not exist. {"exception":"[object] (Illuminate\\Contracts\\Container\\BindingResolutionException(code: 0): Target class [config] does not exist. at D:\\xampp\\htdocs\\LaravelChatRoom\\chat-backend\\vendor\\laravel\\framework\\src\\Illuminate\\Container\\Container.php:906)
[stacktrace]
#0 D:\\xampp\\htdocs\\LaravelChatRoom\\chat-backend\\vendor\\laravel\\framework\\src\\Illuminate\\Container\\Container.php(787): Illuminate\\Container\\Container->build('config')
#1 D:\\xampp\\htdocs\\LaravelChatRoom\\chat-backend\\vendor\\laravel\\framework\\src\\Illuminate\\Foundation\\Application.php(1026): Illuminate\\Container\\Container->resolve('config', Array, true)
#2 D:\\xampp\\htdocs\\LaravelChatRoom\\chat-backend\\vendor\\laravel\\framework\\src\\Illuminate\\Container\\Container.php(723): Illuminate\\Foundation\\Application->resolve('config', Array)
#3 D:\\xampp\\htdocs\\LaravelChatRoom\\chat-backend\\vendor\\laravel\\framework\\src\\Illuminate\\Foundation\\Application.php(1011): Illuminate\\Container\\Container->make('config', Array)
#4 D:\\xampp\\htdocs\\LaravelChatRoom\\chat-backend\\vendor\\laravel\\framework\\src\\Illuminate\\Foundation\\helpers.php(121): Illuminate\\Foundation\\Application->make('config', Array)
#5 D:\\xampp\\htdocs\\LaravelChatRoom\\chat-backend\\vendor\\laravel\\framework\\src\\Illuminate\\Foundation\\helpers.php(275): app('config')
#6 D:\\xampp\\htdocs\\LaravelChatRoom\\chat-backend\\vendor\\laravel\\sanctum\\src\\Sanctum.php(37): config('app.url')
#7 D:\\xampp\\htdocs\\LaravelChatRoom\\chat-backend\\config\\sanctum.php(21): Laravel\\Sanctum\\Sanctum::currentApplicationUrlWithPort()
#8 D:\\xampp\\htdocs\\LaravelChatRoom\\chat-backend\\vendor\\laravel\\framework\\src\\Illuminate\\Foundation\\Bootstrap\\LoadConfiguration.php(91): require('D:\\\\xampp\\\\htdocs...')
#9 D:\\xampp\\htdocs\\LaravelChatRoom\\chat-backend\\vendor\\laravel\\framework\\src\\Illuminate\\Foundation\\Bootstrap\\LoadConfiguration.php(72): Illuminate\\Foundation\\Bootstrap\\LoadConfiguration->loadConfigurationFile(Object(Illuminate\\Config\\Repository), 'sanctum', 'D:\\\\xampp\\\\htdocs...', Array)
#10 D:\\xampp\\htdocs\\LaravelChatRoom\\chat-backend\\vendor\\laravel\\framework\\src\\Illuminate\\Foundation\\Bootstrap\\LoadConfiguration.php(39): Illuminate\\Foundation\\Bootstrap\\LoadConfiguration->loadConfigurationFiles(Object(Illuminate\\Foundation\\Application), Object(Illuminate\\Config\\Repository))
#11 D:\\xampp\\htdocs\\LaravelChatRoom\\chat-backend\\vendor\\laravel\\framework\\src\\Illuminate\\Foundation\\Application.php(309): Illuminate\\Foundation\\Bootstrap\\LoadConfiguration->bootstrap(Object(Illuminate\\Foundation\\Application))
#12 D:\\xampp\\htdocs\\LaravelChatRoom\\chat-backend\\vendor\\laravel\\framework\\src\\Illuminate\\Foundation\\Http\\Kernel.php(186): Illuminate\\Foundation\\Application->bootstrapWith(Array)
#13 D:\\xampp\\htdocs\\LaravelChatRoom\\chat-backend\\vendor\\laravel\\framework\\src\\Illuminate\\Foundation\\Http\\Kernel.php(170): Illuminate\\Foundation\\Http\\Kernel->bootstrap()
#14 D:\\xampp\\htdocs\\LaravelChatRoom\\chat-backend\\vendor\\laravel\\framework\\src\\Illuminate\\Foundation\\Http\\Kernel.php(144): Illuminate\\Foundation\\Http\\Kernel->sendRequestThroughRouter(Object(Illuminate\\Http\\Request))
#15 D:\\xampp\\htdocs\\LaravelChatRoom\\chat-backend\\vendor\\laravel\\framework\\src\\Illuminate\\Foundation\\Application.php(1168): Illuminate\\Foundation\\Http\\Kernel->handle(Object(Illuminate\\Http\\Request))
#16 D:\\xampp\\htdocs\\LaravelChatRoom\\chat-backend\\public\\index.php(17): Illuminate\\Foundation\\Application->handleRequest(Object(Illuminate\\Http\\Request))
#17 D:\\xampp\\htdocs\\LaravelChatRoom\\chat-backend\\vendor\\laravel\\framework\\src\\Illuminate\\Foundation\\resources\\server.php(16): require_once('D:\\\\xampp\\\\htdocs...')
#18 {main}

[previous exception] [object] (ReflectionException(code: -1): Class \"config\" does not exist at D:\\xampp\\htdocs\\LaravelChatRoom\\chat-backend\\vendor\\laravel\\framework\\src\\Illuminate\\Container\\Container.php:904)
[stacktrace]
#0 D:\\xampp\\htdocs\\LaravelChatRoom\\chat-backend\\vendor\\laravel\\framework\\src\\Illuminate\\Container\\Container.php(904): ReflectionClass->__construct('config')
#1 D:\\xampp\\htdocs\\LaravelChatRoom\\chat-backend\\vendor\\laravel\\framework\\src\\Illuminate\\Container\\Container.php(787): Illuminate\\Container\\Container->build('config')
#2 D:\\xampp\\htdocs\\LaravelChatRoom\\chat-backend\\vendor\\laravel\\framework\\src\\Illuminate\\Foundation\\Application.php(1026): Illuminate\\Container\\Container->resolve('config', Array, true)
#3 D:\\xampp\\htdocs\\LaravelChatRoom\\chat-backend\\vendor\\laravel\\framework\\src\\Illuminate\\Container\\Container.php(723): Illuminate\\Foundation\\Application->resolve('config', Array)
#4 D:\\xampp\\htdocs\\LaravelChatRoom\\chat-backend\\vendor\\laravel\\framework\\src\\Illuminate\\Foundation\\Application.php(1011): Illuminate\\Container\\Container->make('config', Array)
#5 D:\\xampp\\htdocs\\LaravelChatRoom\\chat-backend\\vendor\\laravel\\framework\\src\\Illuminate\\Foundation\\helpers.php(121): Illuminate\\Foundation\\Application->make('config', Array)
#6 D:\\xampp\\htdocs\\LaravelChatRoom\\chat-backend\\vendor\\laravel\\framework\\src\\Illuminate\\Foundation\\helpers.php(275): app('config')
#7 D:\\xampp\\htdocs\\LaravelChatRoom\\chat-backend\\vendor\\laravel\\sanctum\\src\\Sanctum.php(37): config('app.url')
#8 D:\\xampp\\htdocs\\LaravelChatRoom\\chat-backend\\config\\sanctum.php(21): Laravel\\Sanctum\\Sanctum::currentApplicationUrlWithPort()
#9 D:\\xampp\\htdocs\\LaravelChatRoom\\chat-backend\\vendor\\laravel\\framework\\src\\Illuminate\\Foundation\\Bootstrap\\LoadConfiguration.php(91): require('D:\\\\xampp\\\\htdocs...')
#10 D:\\xampp\\htdocs\\LaravelChatRoom\\chat-backend\\vendor\\laravel\\framework\\src\\Illuminate\\Foundation\\Bootstrap\\LoadConfiguration.php(72): Illuminate\\Foundation\\Bootstrap\\LoadConfiguration->loadConfigurationFile(Object(Illuminate\\Config\\Repository), 'sanctum', 'D:\\\\xampp\\\\htdocs...', Array)
#11 D:\\xampp\\htdocs\\LaravelChatRoom\\chat-backend\\vendor\\laravel\\framework\\src\\Illuminate\\Foundation\\Bootstrap\\LoadConfiguration.php(39): Illuminate\\Foundation\\Bootstrap\\LoadConfiguration->loadConfigurationFiles(Object(Illuminate\\Foundation\\Application), Object(Illuminate\\Config\\Repository))
#12 D:\\xampp\\htdocs\\LaravelChatRoom\\chat-backend\\vendor\\laravel\\framework\\src\\Illuminate\\Foundation\\Application.php(309): Illuminate\\Foundation\\Bootstrap\\LoadConfiguration->bootstrap(Object(Illuminate\\Foundation\\Application))
#13 D:\\xampp\\htdocs\\LaravelChatRoom\\chat-backend\\vendor\\laravel\\framework\\src\\Illuminate\\Foundation\\Http\\Kernel.php(186): Illuminate\\Foundation\\Application->bootstrapWith(Array)
#14 D:\\xampp\\htdocs\\LaravelChatRoom\\chat-backend\\vendor\\laravel\\framework\\src\\Illuminate\\Foundation\\Http\\Kernel.php(170): Illuminate\\Foundation\\Http\\Kernel->bootstrap()
#15 D:\\xampp\\htdocs\\LaravelChatRoom\\chat-backend\\vendor\\laravel\\framework\\src\\Illuminate\\Foundation\\Http\\Kernel.php(144): Illuminate\\Foundation\\Http\\Kernel->sendRequestThroughRouter(Object(Illuminate\\Http\\Request))
#16 D:\\xampp\\htdocs\\LaravelChatRoom\\chat-backend\\vendor\\laravel\\framework\\src\\Illuminate\\Foundation\\Application.php(1168): Illuminate\\Foundation\\Http\\Kernel->handle(Object(Illuminate\\Http\\Request))
#17 D:\\xampp\\htdocs\\LaravelChatRoom\\chat-backend\\public\\index.php(17): Illuminate\\Foundation\\Application->handleRequest(Object(Illuminate\\Http\\Request))
#18 D:\\xampp\\htdocs\\LaravelChatRoom\\chat-backend\\vendor\\laravel\\framework\\src\\Illuminate\\Foundation\\resources\\server.php(16): require_once('D:\\\\xampp\\\\htdocs...')
#19 {main}
"} 
